<?xml version="1.0" encoding="UTF-8"?>
<testsuites name="Latihan_APITesting" time="32.132" tests="10" failures="0" errors="0">
   <testsuite name="Latihan_APITesting" tests="10" failures="0" errors="0" time="32.132" skipped="0" timestamp="2023-06-01 00:08:22" hostname="donap - DESKTOP-R2PB2VA" id="Test Suites/Latihan_APITesting">
      <properties>
         <property name="deviceName" value=""/>
         <property name="devicePlatform" value=""/>
         <property name="logFolder" value="C:\\Users\\donap\\Katalon Studio\\Latihan_ReqresAPI\\Reports\\20230601_000812\\Latihan_APITesting\\20230601_000812"/>
         <property name="logFiles" value="C:\\Users\\donap\\Katalon Studio\\Latihan_ReqresAPI\\Reports\\20230601_000812\\Latihan_APITesting\\20230601_000812\\execution0.log"/>
         <property name="attachments" value=""/>
         <property name="hostName" value="donap - DESKTOP-R2PB2VA"/>
         <property name="hostAddress" value="192.168.1.9"/>
         <property name="os" value="Windows 10 64bit"/>
         <property name="katalonVersion" value="8.6.0.208"/>
      </properties>
      <testcase name="Test Cases/TC01-Validation and Verify JSON Value GET List User" time="10.101" classname="Test Cases/TC01-Validation and Verify JSON Value GET List User" status="PASSED">
         <system-out><![CDATA[2023-06-01 00:08:23 - [TEST_CASE][PASSED] - Test Cases/TC01-Validation and Verify JSON Value GET List User: Test Cases/TC01-Validation and Verify JSON Value GET List User

2023-06-01 00:08:24 - [TEST_STEP][PASSED] - sendRequest(findTestObject("GET/GET List")): Send request successfully

2023-06-01 00:08:29 - [MESSAGE][INFO] - HAR: C:\Users\donap\Katalon Studio\Latihan_ReqresAPI\Reports\20230601_000812\Latihan_APITesting\20230601_000812\requests\main\0.har

2023-06-01 00:08:29 - [MESSAGE][PASSED] - Send request successfully

2023-06-01 00:08:29 - [TEST_STEP][PASSED] - Response = sendRequestAndVerify(findTestObject("GET/GET List")): Send request and verify the response successfully

2023-06-01 00:08:31 - [MESSAGE][INFO] - HAR: C:\Users\donap\Katalon Studio\Latihan_ReqresAPI\Reports\20230601_000812\Latihan_APITesting\20230601_000812\requests\main\1.har

2023-06-01 00:08:31 - [TEST_CASE][PASSED] - Start Test Case : Verification: Verification accomplished successfully

2023-06-01 00:08:32 - [TEST_STEP][PASSED] - request = getInstance().getCurrentRequest(): null

2023-06-01 00:08:32 - [TEST_STEP][PASSED] - response = getInstance().getCurrentResponse(): null

2023-06-01 00:08:32 - [TEST_STEP][PASSED] - verifyResponseStatusCode(response, 200): Verify response status code successfully

2023-06-01 00:08:32 - [MESSAGE][PASSED] - Verify response status code successfully

2023-06-01 00:08:32 - [TEST_STEP][PASSED] - getStatusCode()).isEqualTo(200): null

2023-06-01 00:08:32 - [TEST_STEP][PASSED] - getStatusCode()).isIn(Arrays.asList(200, 201, 202)): null

2023-06-01 00:08:32 - [TEST_STEP][PASSED] - verifyElementPropertyValue(response, "data[0].name", "cerulean"): Verify element property value successfully

2023-06-01 00:08:32 - [MESSAGE][PASSED] - Verify element property value successfully

2023-06-01 00:08:33 - [MESSAGE][PASSED] - Verify response successfully

2023-06-01 00:08:33 - [MESSAGE][PASSED] - All validation steps have been passed

2023-06-01 00:08:33 - [MESSAGE][PASSED] - Send request and verify the response successfully

2023-06-01 00:08:33 - [TEST_STEP][PASSED] - verifyResponseStatusCode(Response, 200): Verify response status code successfully

2023-06-01 00:08:33 - [MESSAGE][PASSED] - Verify response status code successfully

2023-06-01 00:08:33 - [TEST_STEP][PASSED] - verifyElementsCount(Response, "data.name", 6): Verify element count successfully

2023-06-01 00:08:33 - [MESSAGE][PASSED] - Verify element count successfully

2023-06-01 00:08:33 - [TEST_STEP][PASSED] - verifyElementPropertyValue(Response, "data[0].name", "cerulean"): Verify element property value successfully

2023-06-01 00:08:33 - [MESSAGE][PASSED] - Verify element property value successfully]]></system-out>
         <system-err><![CDATA[]]></system-err>
      </testcase>
      <testcase name="Test Cases/TC02-Validation and Verify JSON Value GET Singgle User" time="1.837" classname="Test Cases/TC02-Validation and Verify JSON Value GET Singgle User" status="PASSED">
         <system-out><![CDATA[2023-06-01 00:08:33 - [TEST_CASE][PASSED] - Test Cases/TC02-Validation and Verify JSON Value GET Singgle User: Test Cases/TC02-Validation and Verify JSON Value GET Singgle User

2023-06-01 00:08:34 - [TEST_STEP][PASSED] - sendRequest(findTestObject("GET/GET Single User")): Send request successfully

2023-06-01 00:08:34 - [MESSAGE][INFO] - HAR: C:\Users\donap\Katalon Studio\Latihan_ReqresAPI\Reports\20230601_000812\Latihan_APITesting\20230601_000812\requests\main\2.har

2023-06-01 00:08:34 - [MESSAGE][PASSED] - Send request successfully

2023-06-01 00:08:34 - [TEST_STEP][PASSED] - Response = sendRequestAndVerify(findTestObject("GET/GET Single User")): Send request and verify the response successfully

2023-06-01 00:08:34 - [MESSAGE][INFO] - HAR: C:\Users\donap\Katalon Studio\Latihan_ReqresAPI\Reports\20230601_000812\Latihan_APITesting\20230601_000812\requests\main\3.har

2023-06-01 00:08:34 - [TEST_CASE][PASSED] - Start Test Case : Verification: Verification accomplished successfully

2023-06-01 00:08:35 - [TEST_STEP][PASSED] - request = getInstance().getCurrentRequest(): null

2023-06-01 00:08:35 - [TEST_STEP][PASSED] - response = getInstance().getCurrentResponse(): null

2023-06-01 00:08:35 - [TEST_STEP][PASSED] - verifyResponseStatusCode(response, 200): Verify response status code successfully

2023-06-01 00:08:35 - [MESSAGE][PASSED] - Verify response status code successfully

2023-06-01 00:08:35 - [TEST_STEP][PASSED] - getStatusCode()).isEqualTo(200): null

2023-06-01 00:08:35 - [TEST_STEP][PASSED] - getStatusCode()).isIn(Arrays.asList(200, 201, 202)): null

2023-06-01 00:08:35 - [TEST_STEP][PASSED] - verifyElementPropertyValue(response, "data.first_name", "Janet"): Verify element property value successfully

2023-06-01 00:08:35 - [MESSAGE][PASSED] - Verify element property value successfully

2023-06-01 00:08:35 - [MESSAGE][PASSED] - Verify response successfully

2023-06-01 00:08:35 - [MESSAGE][PASSED] - All validation steps have been passed

2023-06-01 00:08:35 - [MESSAGE][PASSED] - Send request and verify the response successfully

2023-06-01 00:08:35 - [TEST_STEP][PASSED] - verifyResponseStatusCode(Response, 200): Verify response status code successfully

2023-06-01 00:08:35 - [MESSAGE][PASSED] - Verify response status code successfully

2023-06-01 00:08:35 - [TEST_STEP][PASSED] - verifyElementPropertyValue(Response, "data.first_name", "Janet"): Verify element property value successfully

2023-06-01 00:08:35 - [MESSAGE][PASSED] - Verify element property value successfully]]></system-out>
         <system-err><![CDATA[]]></system-err>
      </testcase>
      <testcase name="Test Cases/TC03-Verify Response Status Code DELETE User" time="2.525" classname="Test Cases/TC03-Verify Response Status Code DELETE User" status="PASSED">
         <system-out><![CDATA[2023-06-01 00:08:35 - [TEST_CASE][PASSED] - Test Cases/TC03-Verify Response Status Code DELETE User: Test Cases/TC03-Verify Response Status Code DELETE User

2023-06-01 00:08:35 - [TEST_STEP][PASSED] - sendRequest(findTestObject("DELETE/DELETE User")): Send request successfully

2023-06-01 00:08:36 - [MESSAGE][INFO] - HAR: C:\Users\donap\Katalon Studio\Latihan_ReqresAPI\Reports\20230601_000812\Latihan_APITesting\20230601_000812\requests\main\4.har

2023-06-01 00:08:36 - [MESSAGE][PASSED] - Send request successfully

2023-06-01 00:08:36 - [TEST_STEP][PASSED] - Response = sendRequestAndVerify(findTestObject("DELETE/DELETE User"), STOP_ON_FAILURE): Send request and verify the response successfully

2023-06-01 00:08:37 - [MESSAGE][INFO] - HAR: C:\Users\donap\Katalon Studio\Latihan_ReqresAPI\Reports\20230601_000812\Latihan_APITesting\20230601_000812\requests\main\5.har

2023-06-01 00:08:37 - [TEST_CASE][PASSED] - Start Test Case : Verification: Verification accomplished successfully

2023-06-01 00:08:37 - [TEST_STEP][PASSED] - request = getInstance().getCurrentRequest(): null

2023-06-01 00:08:37 - [TEST_STEP][PASSED] - response = getInstance().getCurrentResponse(): null

2023-06-01 00:08:37 - [TEST_STEP][PASSED] - verifyResponseStatusCode(response, 204): Verify response status code successfully

2023-06-01 00:08:37 - [MESSAGE][PASSED] - Verify response status code successfully

2023-06-01 00:08:37 - [TEST_STEP][PASSED] - getStatusCode()).isEqualTo(204): null

2023-06-01 00:08:37 - [MESSAGE][PASSED] - Verify response successfully

2023-06-01 00:08:37 - [MESSAGE][PASSED] - All validation steps have been passed

2023-06-01 00:08:37 - [MESSAGE][PASSED] - Send request and verify the response successfully

2023-06-01 00:08:37 - [TEST_STEP][PASSED] - verifyResponseStatusCode(Response, 204): Verify response status code successfully

2023-06-01 00:08:37 - [MESSAGE][PASSED] - Verify response status code successfully]]></system-out>
         <system-err><![CDATA[]]></system-err>
      </testcase>
      <testcase name="Test Cases/TC04-Validation and Verify JSON Value PATCH Update User" time="2.303" classname="Test Cases/TC04-Validation and Verify JSON Value PATCH Update User" status="PASSED">
         <system-out><![CDATA[2023-06-01 00:08:37 - [TEST_CASE][PASSED] - Test Cases/TC04-Validation and Verify JSON Value PATCH Update User: Test Cases/TC04-Validation and Verify JSON Value PATCH Update User

2023-06-01 00:08:38 - [TEST_STEP][PASSED] - sendRequest(findTestObject("PATCH/PATCH Update")): Send request successfully

2023-06-01 00:08:39 - [MESSAGE][INFO] - HAR: C:\Users\donap\Katalon Studio\Latihan_ReqresAPI\Reports\20230601_000812\Latihan_APITesting\20230601_000812\requests\main\6.har

2023-06-01 00:08:39 - [MESSAGE][PASSED] - Send request successfully

2023-06-01 00:08:39 - [TEST_STEP][PASSED] - Response = sendRequestAndVerify(findTestObject("PATCH/PATCH Update")): Send request and verify the response successfully

2023-06-01 00:08:39 - [MESSAGE][INFO] - HAR: C:\Users\donap\Katalon Studio\Latihan_ReqresAPI\Reports\20230601_000812\Latihan_APITesting\20230601_000812\requests\main\7.har

2023-06-01 00:08:39 - [TEST_CASE][PASSED] - Start Test Case : Verification: Verification accomplished successfully

2023-06-01 00:08:40 - [TEST_STEP][PASSED] - request = getInstance().getCurrentRequest(): null

2023-06-01 00:08:40 - [TEST_STEP][PASSED] - response = getInstance().getCurrentResponse(): null

2023-06-01 00:08:40 - [TEST_STEP][PASSED] - verifyResponseStatusCode(response, 200): Verify response status code successfully

2023-06-01 00:08:40 - [MESSAGE][PASSED] - Verify response status code successfully

2023-06-01 00:08:40 - [TEST_STEP][PASSED] - getStatusCode()).isEqualTo(200): null

2023-06-01 00:08:40 - [TEST_STEP][PASSED] - getStatusCode()).isIn(Arrays.asList(200, 201, 202)): null

2023-06-01 00:08:40 - [TEST_STEP][PASSED] - verifyElementPropertyValue(response, "name", "Corla"): Verify element property value successfully

2023-06-01 00:08:40 - [MESSAGE][PASSED] - Verify element property value successfully

2023-06-01 00:08:40 - [MESSAGE][PASSED] - Verify response successfully

2023-06-01 00:08:40 - [MESSAGE][PASSED] - All validation steps have been passed

2023-06-01 00:08:40 - [MESSAGE][PASSED] - Send request and verify the response successfully

2023-06-01 00:08:40 - [TEST_STEP][PASSED] - verifyResponseStatusCode(Response, 200): Verify response status code successfully

2023-06-01 00:08:40 - [MESSAGE][PASSED] - Verify response status code successfully

2023-06-01 00:08:40 - [TEST_STEP][PASSED] - verifyElementsCount(Response, "name", 5): Verify element count successfully

2023-06-01 00:08:40 - [MESSAGE][PASSED] - Verify element count successfully

2023-06-01 00:08:40 - [TEST_STEP][PASSED] - verifyElementPropertyValue(Response, "name", "Corla"): Verify element property value successfully

2023-06-01 00:08:40 - [MESSAGE][PASSED] - Verify element property value successfully]]></system-out>
         <system-err><![CDATA[]]></system-err>
      </testcase>
      <testcase name="Test Cases/TC05-Verify Response POST Create User" time="2.349" classname="Test Cases/TC05-Verify Response POST Create User" status="PASSED">
         <system-out><![CDATA[2023-06-01 00:08:40 - [TEST_CASE][PASSED] - Test Cases/TC05-Verify Response POST Create User: Test Cases/TC05-Verify Response POST Create User

2023-06-01 00:08:41 - [TEST_STEP][PASSED] - sendRequest(findTestObject("POST/POST Create")): Send request successfully

2023-06-01 00:08:41 - [MESSAGE][INFO] - HAR: C:\Users\donap\Katalon Studio\Latihan_ReqresAPI\Reports\20230601_000812\Latihan_APITesting\20230601_000812\requests\main\8.har

2023-06-01 00:08:41 - [MESSAGE][PASSED] - Send request successfully

2023-06-01 00:08:41 - [TEST_STEP][PASSED] - Response = sendRequestAndVerify(findTestObject("POST/POST Create")): Send request and verify the response successfully

2023-06-01 00:08:42 - [MESSAGE][INFO] - HAR: C:\Users\donap\Katalon Studio\Latihan_ReqresAPI\Reports\20230601_000812\Latihan_APITesting\20230601_000812\requests\main\9.har

2023-06-01 00:08:42 - [TEST_CASE][PASSED] - Start Test Case : Verification: Verification accomplished successfully

2023-06-01 00:08:42 - [TEST_STEP][PASSED] - request = getInstance().getCurrentRequest(): null

2023-06-01 00:08:42 - [TEST_STEP][PASSED] - response = getInstance().getCurrentResponse(): null

2023-06-01 00:08:42 - [TEST_STEP][PASSED] - verifyResponseStatusCode(response, 201): Verify response status code successfully

2023-06-01 00:08:42 - [MESSAGE][PASSED] - Verify response status code successfully

2023-06-01 00:08:42 - [TEST_STEP][PASSED] - getStatusCode()).isEqualTo(201): null

2023-06-01 00:08:42 - [TEST_STEP][PASSED] - getStatusCode()).isIn(Arrays.asList(200, 201, 202)): null

2023-06-01 00:08:42 - [MESSAGE][PASSED] - Verify response successfully

2023-06-01 00:08:42 - [MESSAGE][PASSED] - All validation steps have been passed

2023-06-01 00:08:42 - [MESSAGE][PASSED] - Send request and verify the response successfully

2023-06-01 00:08:42 - [TEST_STEP][PASSED] - verifyResponseStatusCode(Response, 201): Verify response status code successfully

2023-06-01 00:08:42 - [MESSAGE][PASSED] - Verify response status code successfully]]></system-out>
         <system-err><![CDATA[]]></system-err>
      </testcase>
      <testcase name="Test Cases/TC06-Verify Response POST Login Successful" time="2.446" classname="Test Cases/TC06-Verify Response POST Login Successful" status="PASSED">
         <system-out><![CDATA[2023-06-01 00:08:42 - [TEST_CASE][PASSED] - Test Cases/TC06-Verify Response POST Login Successful: Test Cases/TC06-Verify Response POST Login Successful

2023-06-01 00:08:43 - [TEST_STEP][PASSED] - sendRequest(findTestObject("POST/POST Login - Successful")): Send request successfully

2023-06-01 00:08:43 - [MESSAGE][INFO] - HAR: C:\Users\donap\Katalon Studio\Latihan_ReqresAPI\Reports\20230601_000812\Latihan_APITesting\20230601_000812\requests\main\10.har

2023-06-01 00:08:43 - [MESSAGE][PASSED] - Send request successfully

2023-06-01 00:08:43 - [TEST_STEP][PASSED] - Response = sendRequestAndVerify(findTestObject("POST/POST Login - Successful")): Send request and verify the response successfully

2023-06-01 00:08:44 - [MESSAGE][INFO] - HAR: C:\Users\donap\Katalon Studio\Latihan_ReqresAPI\Reports\20230601_000812\Latihan_APITesting\20230601_000812\requests\main\11.har

2023-06-01 00:08:44 - [TEST_CASE][PASSED] - Start Test Case : Verification: Verification accomplished successfully

2023-06-01 00:08:44 - [TEST_STEP][PASSED] - request = getInstance().getCurrentRequest(): null

2023-06-01 00:08:44 - [TEST_STEP][PASSED] - response = getInstance().getCurrentResponse(): null

2023-06-01 00:08:44 - [TEST_STEP][PASSED] - verifyResponseStatusCode(response, 200): Verify response status code successfully

2023-06-01 00:08:44 - [MESSAGE][PASSED] - Verify response status code successfully

2023-06-01 00:08:44 - [TEST_STEP][PASSED] - getStatusCode()).isEqualTo(200): null

2023-06-01 00:08:44 - [TEST_STEP][PASSED] - getStatusCode()).isIn(Arrays.asList(200, 201, 202)): null

2023-06-01 00:08:44 - [MESSAGE][PASSED] - Verify response successfully

2023-06-01 00:08:44 - [MESSAGE][PASSED] - All validation steps have been passed

2023-06-01 00:08:44 - [MESSAGE][PASSED] - Send request and verify the response successfully

2023-06-01 00:08:44 - [TEST_STEP][PASSED] - verifyResponseStatusCode(Response, 200): Verify response status code successfully

2023-06-01 00:08:44 - [MESSAGE][PASSED] - Verify response status code successfully]]></system-out>
         <system-err><![CDATA[]]></system-err>
      </testcase>
      <testcase name="Test Cases/TC07-Verify Response POST Login - Unsuccessful" time="2.357" classname="Test Cases/TC07-Verify Response POST Login - Unsuccessful" status="PASSED">
         <system-out><![CDATA[2023-06-01 00:08:45 - [TEST_CASE][PASSED] - Test Cases/TC07-Verify Response POST Login - Unsuccessful: Test Cases/TC07-Verify Response POST Login - Unsuccessful

2023-06-01 00:08:45 - [TEST_STEP][PASSED] - sendRequest(findTestObject("POST/POST Login - Unsuccessful")): Send request successfully

2023-06-01 00:08:46 - [MESSAGE][INFO] - HAR: C:\Users\donap\Katalon Studio\Latihan_ReqresAPI\Reports\20230601_000812\Latihan_APITesting\20230601_000812\requests\main\12.har

2023-06-01 00:08:46 - [MESSAGE][PASSED] - Send request successfully

2023-06-01 00:08:46 - [TEST_STEP][PASSED] - Response = sendRequestAndVerify(findTestObject("POST/POST Login - Unsuccessful")): Send request and verify the response successfully

2023-06-01 00:08:46 - [MESSAGE][INFO] - HAR: C:\Users\donap\Katalon Studio\Latihan_ReqresAPI\Reports\20230601_000812\Latihan_APITesting\20230601_000812\requests\main\13.har

2023-06-01 00:08:47 - [TEST_CASE][PASSED] - Start Test Case : Verification: Verification accomplished successfully

2023-06-01 00:08:47 - [TEST_STEP][PASSED] - request = getInstance().getCurrentRequest(): null

2023-06-01 00:08:47 - [TEST_STEP][PASSED] - response = getInstance().getCurrentResponse(): null

2023-06-01 00:08:47 - [TEST_STEP][PASSED] - verifyResponseStatusCode(response, 400): Verify response status code successfully

2023-06-01 00:08:47 - [MESSAGE][PASSED] - Verify response status code successfully

2023-06-01 00:08:47 - [TEST_STEP][PASSED] - getStatusCode()).isEqualTo(400): null

2023-06-01 00:08:47 - [MESSAGE][PASSED] - Verify response successfully

2023-06-01 00:08:47 - [MESSAGE][PASSED] - All validation steps have been passed

2023-06-01 00:08:47 - [MESSAGE][PASSED] - Send request and verify the response successfully

2023-06-01 00:08:47 - [TEST_STEP][PASSED] - verifyResponseStatusCode(Response, 400): Verify response status code successfully

2023-06-01 00:08:47 - [MESSAGE][PASSED] - Verify response status code successfully]]></system-out>
         <system-err><![CDATA[]]></system-err>
      </testcase>
      <testcase name="Test Cases/TC08-Verify Response POST Register - Successful" time="2.4" classname="Test Cases/TC08-Verify Response POST Register - Successful" status="PASSED">
         <system-out><![CDATA[2023-06-01 00:08:47 - [TEST_CASE][PASSED] - Test Cases/TC08-Verify Response POST Register - Successful: Test Cases/TC08-Verify Response POST Register - Successful

2023-06-01 00:08:47 - [TEST_STEP][PASSED] - sendRequest(findTestObject("POST/POST Register - Successful")): Send request successfully

2023-06-01 00:08:48 - [MESSAGE][INFO] - HAR: C:\Users\donap\Katalon Studio\Latihan_ReqresAPI\Reports\20230601_000812\Latihan_APITesting\20230601_000812\requests\main\14.har

2023-06-01 00:08:48 - [MESSAGE][PASSED] - Send request successfully

2023-06-01 00:08:48 - [TEST_STEP][PASSED] - Response = sendRequestAndVerify(findTestObject("POST/POST Register - Successful"), STOP_ON_FAILURE): Send request and verify the response successfully

2023-06-01 00:08:49 - [MESSAGE][INFO] - HAR: C:\Users\donap\Katalon Studio\Latihan_ReqresAPI\Reports\20230601_000812\Latihan_APITesting\20230601_000812\requests\main\15.har

2023-06-01 00:08:49 - [TEST_CASE][PASSED] - Start Test Case : Verification: Verification accomplished successfully

2023-06-01 00:08:49 - [TEST_STEP][PASSED] - request = getInstance().getCurrentRequest(): null

2023-06-01 00:08:49 - [TEST_STEP][PASSED] - response = getInstance().getCurrentResponse(): null

2023-06-01 00:08:49 - [TEST_STEP][PASSED] - verifyResponseStatusCode(response, 200): Verify response status code successfully

2023-06-01 00:08:49 - [MESSAGE][PASSED] - Verify response status code successfully

2023-06-01 00:08:49 - [TEST_STEP][PASSED] - getStatusCode()).isEqualTo(200): null

2023-06-01 00:08:49 - [TEST_STEP][PASSED] - getStatusCode()).isIn(Arrays.asList(200, 201, 202)): null

2023-06-01 00:08:49 - [MESSAGE][PASSED] - Verify response successfully

2023-06-01 00:08:49 - [MESSAGE][PASSED] - All validation steps have been passed

2023-06-01 00:08:49 - [MESSAGE][PASSED] - Send request and verify the response successfully

2023-06-01 00:08:49 - [TEST_STEP][PASSED] - verifyResponseStatusCode(Response, 200): Verify response status code successfully

2023-06-01 00:08:49 - [MESSAGE][PASSED] - Verify response status code successfully]]></system-out>
         <system-err><![CDATA[]]></system-err>
      </testcase>
      <testcase name="Test Cases/TC09-Verify Response POST Register - Unsuccessful" time="2.576" classname="Test Cases/TC09-Verify Response POST Register - Unsuccessful" status="PASSED">
         <system-out><![CDATA[2023-06-01 00:08:49 - [TEST_CASE][PASSED] - Test Cases/TC09-Verify Response POST Register - Unsuccessful: Test Cases/TC09-Verify Response POST Register - Unsuccessful

2023-06-01 00:08:50 - [TEST_STEP][PASSED] - sendRequest(findTestObject("POST/POST Register - Unsuccessful")): Send request successfully

2023-06-01 00:08:50 - [MESSAGE][INFO] - HAR: C:\Users\donap\Katalon Studio\Latihan_ReqresAPI\Reports\20230601_000812\Latihan_APITesting\20230601_000812\requests\main\16.har

2023-06-01 00:08:50 - [MESSAGE][PASSED] - Send request successfully

2023-06-01 00:08:50 - [TEST_STEP][PASSED] - Response = sendRequestAndVerify(findTestObject("POST/POST Register - Unsuccessful")): Send request and verify the response successfully

2023-06-01 00:08:52 - [MESSAGE][INFO] - HAR: C:\Users\donap\Katalon Studio\Latihan_ReqresAPI\Reports\20230601_000812\Latihan_APITesting\20230601_000812\requests\main\17.har

2023-06-01 00:08:52 - [TEST_CASE][PASSED] - Start Test Case : Verification: Verification accomplished successfully

2023-06-01 00:08:52 - [TEST_STEP][PASSED] - request = getInstance().getCurrentRequest(): null

2023-06-01 00:08:52 - [TEST_STEP][PASSED] - response = getInstance().getCurrentResponse(): null

2023-06-01 00:08:52 - [TEST_STEP][PASSED] - verifyResponseStatusCode(response, 400): Verify response status code successfully

2023-06-01 00:08:52 - [MESSAGE][PASSED] - Verify response status code successfully

2023-06-01 00:08:52 - [TEST_STEP][PASSED] - getStatusCode()).isEqualTo(400): null

2023-06-01 00:08:52 - [MESSAGE][PASSED] - Verify response successfully

2023-06-01 00:08:52 - [MESSAGE][PASSED] - All validation steps have been passed

2023-06-01 00:08:52 - [MESSAGE][PASSED] - Send request and verify the response successfully

2023-06-01 00:08:52 - [TEST_STEP][PASSED] - verifyResponseStatusCode(Response, 400): Verify response status code successfully

2023-06-01 00:08:52 - [MESSAGE][PASSED] - Verify response status code successfully]]></system-out>
         <system-err><![CDATA[]]></system-err>
      </testcase>
      <testcase name="Test Cases/TC10- Verify Response PUT Update" time="2.245" classname="Test Cases/TC10- Verify Response PUT Update" status="PASSED">
         <system-out><![CDATA[2023-06-01 00:08:52 - [TEST_CASE][PASSED] - Test Cases/TC10- Verify Response PUT Update: Test Cases/TC10- Verify Response PUT Update

2023-06-01 00:08:52 - [TEST_STEP][PASSED] - sendRequest(findTestObject("PUT/PUT Update")): Send request successfully

2023-06-01 00:08:53 - [MESSAGE][INFO] - HAR: C:\Users\donap\Katalon Studio\Latihan_ReqresAPI\Reports\20230601_000812\Latihan_APITesting\20230601_000812\requests\main\18.har

2023-06-01 00:08:53 - [MESSAGE][PASSED] - Send request successfully

2023-06-01 00:08:53 - [TEST_STEP][PASSED] - Response = sendRequestAndVerify(findTestObject("PUT/PUT Update")): Send request and verify the response successfully

2023-06-01 00:08:54 - [MESSAGE][INFO] - HAR: C:\Users\donap\Katalon Studio\Latihan_ReqresAPI\Reports\20230601_000812\Latihan_APITesting\20230601_000812\requests\main\19.har

2023-06-01 00:08:54 - [TEST_CASE][PASSED] - Start Test Case : Verification: Verification accomplished successfully

2023-06-01 00:08:54 - [TEST_STEP][PASSED] - request = getInstance().getCurrentRequest(): null

2023-06-01 00:08:54 - [TEST_STEP][PASSED] - response = getInstance().getCurrentResponse(): null

2023-06-01 00:08:54 - [TEST_STEP][PASSED] - verifyResponseStatusCode(response, 200): Verify response status code successfully

2023-06-01 00:08:54 - [MESSAGE][PASSED] - Verify response status code successfully

2023-06-01 00:08:54 - [TEST_STEP][PASSED] - getStatusCode()).isEqualTo(200): null

2023-06-01 00:08:54 - [TEST_STEP][PASSED] - getStatusCode()).isIn(Arrays.asList(200, 201, 202)): null

2023-06-01 00:08:54 - [MESSAGE][PASSED] - Verify response successfully

2023-06-01 00:08:54 - [MESSAGE][PASSED] - All validation steps have been passed

2023-06-01 00:08:54 - [MESSAGE][PASSED] - Send request and verify the response successfully

2023-06-01 00:08:54 - [TEST_STEP][PASSED] - verifyResponseStatusCode(Response, 200): Verify response status code successfully

2023-06-01 00:08:54 - [MESSAGE][PASSED] - Verify response status code successfully]]></system-out>
         <system-err><![CDATA[]]></system-err>
      </testcase>
      <system-out><![CDATA[2023-06-01 00:08:22 - [TEST_SUITE][PASSED] - Latihan_APITesting: Test Cases/TC10- Verify Response PUT Update]]></system-out>
      <system-err><![CDATA[]]></system-err>
   </testsuite>
</testsuites>
