<?xml version="1.0" encoding="UTF-8"?>
<testsuites name="Latihan_APITesting" time="62.979" tests="10" failures="0" errors="0">
   <testsuite name="Latihan_APITesting" tests="10" failures="0" errors="0" time="62.979" skipped="0" timestamp="2023-05-31 21:22:08" hostname="donap - DESKTOP-R2PB2VA" id="Test Suites/Latihan_APITesting">
      <properties>
         <property name="deviceName" value=""/>
         <property name="devicePlatform" value=""/>
         <property name="logFolder" value="C:\\Users\\donap\\Katalon Studio\\ReqresAPI_Latihan\\Reports\\20230531_212153\\Latihan_APITesting\\20230531_212153"/>
         <property name="logFiles" value="C:\\Users\\donap\\Katalon Studio\\ReqresAPI_Latihan\\Reports\\20230531_212153\\Latihan_APITesting\\20230531_212153\\execution0.log"/>
         <property name="attachments" value=""/>
         <property name="hostName" value="donap - DESKTOP-R2PB2VA"/>
         <property name="hostAddress" value="192.168.1.9"/>
         <property name="os" value="Windows 10 64bit"/>
         <property name="katalonVersion" value="8.6.0.208"/>
      </properties>
      <testcase name="Test Cases/TC01-Validation and Verify JSON Value GET List User" time="13.12" classname="Test Cases/TC01-Validation and Verify JSON Value GET List User" status="PASSED">
         <system-out><![CDATA[2023-05-31 21:22:09 - [TEST_CASE][PASSED] - Test Cases/TC01-Validation and Verify JSON Value GET List User: Test Cases/TC01-Validation and Verify JSON Value GET List User

2023-05-31 21:22:10 - [TEST_STEP][PASSED] - sendRequest(findTestObject("GET/GET List")): Send request successfully

2023-05-31 21:22:16 - [MESSAGE][INFO] - HAR: C:\Users\donap\Katalon Studio\ReqresAPI_Latihan\Reports\20230531_212153\Latihan_APITesting\20230531_212153\requests\main\0.har

2023-05-31 21:22:17 - [MESSAGE][PASSED] - Send request successfully

2023-05-31 21:22:17 - [TEST_STEP][PASSED] - Response = sendRequestAndVerify(findTestObject("GET/GET List")): Send request and verify the response successfully

2023-05-31 21:22:19 - [MESSAGE][INFO] - HAR: C:\Users\donap\Katalon Studio\ReqresAPI_Latihan\Reports\20230531_212153\Latihan_APITesting\20230531_212153\requests\main\1.har

2023-05-31 21:22:20 - [TEST_CASE][PASSED] - Start Test Case : Verification: Verification accomplished successfully

2023-05-31 21:22:20 - [TEST_STEP][PASSED] - request = getInstance().getCurrentRequest(): null

2023-05-31 21:22:20 - [TEST_STEP][PASSED] - response = getInstance().getCurrentResponse(): null

2023-05-31 21:22:20 - [TEST_STEP][PASSED] - verifyResponseStatusCode(response, 200): Verify response status code successfully

2023-05-31 21:22:21 - [MESSAGE][PASSED] - Verify response status code successfully

2023-05-31 21:22:21 - [TEST_STEP][PASSED] - getStatusCode()).isEqualTo(200): null

2023-05-31 21:22:21 - [TEST_STEP][PASSED] - getStatusCode()).isIn(Arrays.asList(200, 201, 202)): null

2023-05-31 21:22:21 - [TEST_STEP][PASSED] - verifyElementPropertyValue(response, "data[0].name", "cerulean"): Verify element property value successfully

2023-05-31 21:22:21 - [MESSAGE][PASSED] - Verify element property value successfully

2023-05-31 21:22:21 - [MESSAGE][PASSED] - Verify response successfully

2023-05-31 21:22:22 - [MESSAGE][PASSED] - All validation steps have been passed

2023-05-31 21:22:22 - [MESSAGE][PASSED] - Send request and verify the response successfully

2023-05-31 21:22:22 - [TEST_STEP][PASSED] - verifyResponseStatusCode(Response, 200): Verify response status code successfully

2023-05-31 21:22:22 - [MESSAGE][PASSED] - Verify response status code successfully

2023-05-31 21:22:22 - [TEST_STEP][PASSED] - verifyElementsCount(Response, "data.name", 6): Verify element count successfully

2023-05-31 21:22:22 - [MESSAGE][PASSED] - Verify element count successfully

2023-05-31 21:22:22 - [TEST_STEP][PASSED] - verifyElementPropertyValue(Response, "data[0].name", "cerulean"): Verify element property value successfully

2023-05-31 21:22:22 - [MESSAGE][PASSED] - Verify element property value successfully]]></system-out>
         <system-err><![CDATA[]]></system-err>
      </testcase>
      <testcase name="Test Cases/TC02-Validation and Verify JSON Value GET Singgle User" time="2.242" classname="Test Cases/TC02-Validation and Verify JSON Value GET Singgle User" status="PASSED">
         <system-out><![CDATA[2023-05-31 21:22:22 - [TEST_CASE][PASSED] - Test Cases/TC02-Validation and Verify JSON Value GET Singgle User: Test Cases/TC02-Validation and Verify JSON Value GET Singgle User

2023-05-31 21:22:23 - [TEST_STEP][PASSED] - sendRequest(findTestObject("GET/GET Single User")): Send request successfully

2023-05-31 21:22:23 - [MESSAGE][INFO] - HAR: C:\Users\donap\Katalon Studio\ReqresAPI_Latihan\Reports\20230531_212153\Latihan_APITesting\20230531_212153\requests\main\2.har

2023-05-31 21:22:23 - [MESSAGE][PASSED] - Send request successfully

2023-05-31 21:22:23 - [TEST_STEP][PASSED] - Response = sendRequestAndVerify(findTestObject("GET/GET Single User")): Send request and verify the response successfully

2023-05-31 21:22:24 - [MESSAGE][INFO] - HAR: C:\Users\donap\Katalon Studio\ReqresAPI_Latihan\Reports\20230531_212153\Latihan_APITesting\20230531_212153\requests\main\3.har

2023-05-31 21:22:24 - [TEST_CASE][PASSED] - Start Test Case : Verification: Verification accomplished successfully

2023-05-31 21:22:24 - [TEST_STEP][PASSED] - request = getInstance().getCurrentRequest(): null

2023-05-31 21:22:24 - [TEST_STEP][PASSED] - response = getInstance().getCurrentResponse(): null

2023-05-31 21:22:24 - [TEST_STEP][PASSED] - verifyResponseStatusCode(response, 200): Verify response status code successfully

2023-05-31 21:22:24 - [MESSAGE][PASSED] - Verify response status code successfully

2023-05-31 21:22:24 - [TEST_STEP][PASSED] - getStatusCode()).isEqualTo(200): null

2023-05-31 21:22:24 - [TEST_STEP][PASSED] - getStatusCode()).isIn(Arrays.asList(200, 201, 202)): null

2023-05-31 21:22:24 - [TEST_STEP][PASSED] - verifyElementPropertyValue(response, "data.first_name", "Janet"): Verify element property value successfully

2023-05-31 21:22:24 - [MESSAGE][PASSED] - Verify element property value successfully

2023-05-31 21:22:24 - [MESSAGE][PASSED] - Verify response successfully

2023-05-31 21:22:24 - [MESSAGE][PASSED] - All validation steps have been passed

2023-05-31 21:22:24 - [MESSAGE][PASSED] - Send request and verify the response successfully

2023-05-31 21:22:24 - [TEST_STEP][PASSED] - verifyResponseStatusCode(Response, 200): Verify response status code successfully

2023-05-31 21:22:24 - [MESSAGE][PASSED] - Verify response status code successfully

2023-05-31 21:22:24 - [TEST_STEP][PASSED] - verifyElementPropertyValue(Response, "data.first_name", "Janet"): Verify element property value successfully

2023-05-31 21:22:24 - [MESSAGE][PASSED] - Verify element property value successfully]]></system-out>
         <system-err><![CDATA[]]></system-err>
      </testcase>
      <testcase name="Test Cases/TC03-Verify Response Status Code DELETE User" time="4.035" classname="Test Cases/TC03-Verify Response Status Code DELETE User" status="PASSED">
         <system-out><![CDATA[2023-05-31 21:22:24 - [TEST_CASE][PASSED] - Test Cases/TC03-Verify Response Status Code DELETE User: Test Cases/TC03-Verify Response Status Code DELETE User

2023-05-31 21:22:25 - [TEST_STEP][PASSED] - sendRequest(findTestObject("DELETE/DELETE User")): Send request successfully

2023-05-31 21:22:26 - [MESSAGE][INFO] - HAR: C:\Users\donap\Katalon Studio\ReqresAPI_Latihan\Reports\20230531_212153\Latihan_APITesting\20230531_212153\requests\main\4.har

2023-05-31 21:22:26 - [MESSAGE][PASSED] - Send request successfully

2023-05-31 21:22:26 - [TEST_STEP][PASSED] - Response = sendRequestAndVerify(findTestObject("DELETE/DELETE User"), STOP_ON_FAILURE): Send request and verify the response successfully

2023-05-31 21:22:27 - [MESSAGE][INFO] - HAR: C:\Users\donap\Katalon Studio\ReqresAPI_Latihan\Reports\20230531_212153\Latihan_APITesting\20230531_212153\requests\main\5.har

2023-05-31 21:22:27 - [TEST_CASE][PASSED] - Start Test Case : Verification: Verification accomplished successfully

2023-05-31 21:22:28 - [TEST_STEP][PASSED] - request = getInstance().getCurrentRequest(): null

2023-05-31 21:22:28 - [TEST_STEP][PASSED] - response = getInstance().getCurrentResponse(): null

2023-05-31 21:22:28 - [TEST_STEP][PASSED] - verifyResponseStatusCode(response, 204): Verify response status code successfully

2023-05-31 21:22:28 - [MESSAGE][PASSED] - Verify response status code successfully

2023-05-31 21:22:28 - [TEST_STEP][PASSED] - getStatusCode()).isEqualTo(204): null

2023-05-31 21:22:28 - [MESSAGE][PASSED] - Verify response successfully

2023-05-31 21:22:28 - [MESSAGE][PASSED] - All validation steps have been passed

2023-05-31 21:22:28 - [MESSAGE][PASSED] - Send request and verify the response successfully

2023-05-31 21:22:28 - [TEST_STEP][PASSED] - verifyResponseStatusCode(Response, 204): Verify response status code successfully

2023-05-31 21:22:28 - [MESSAGE][PASSED] - Verify response status code successfully]]></system-out>
         <system-err><![CDATA[]]></system-err>
      </testcase>
      <testcase name="Test Cases/TC04-Validation and Verify JSON Value PATCH Update User" time="6.498" classname="Test Cases/TC04-Validation and Verify JSON Value PATCH Update User" status="PASSED">
         <system-out><![CDATA[2023-05-31 21:22:28 - [TEST_CASE][PASSED] - Test Cases/TC04-Validation and Verify JSON Value PATCH Update User: Test Cases/TC04-Validation and Verify JSON Value PATCH Update User

2023-05-31 21:22:30 - [TEST_STEP][PASSED] - sendRequest(findTestObject("PATCH/PATCH Update")): Send request successfully

2023-05-31 21:22:31 - [MESSAGE][INFO] - HAR: C:\Users\donap\Katalon Studio\ReqresAPI_Latihan\Reports\20230531_212153\Latihan_APITesting\20230531_212153\requests\main\6.har

2023-05-31 21:22:31 - [MESSAGE][PASSED] - Send request successfully

2023-05-31 21:22:31 - [TEST_STEP][PASSED] - Response = sendRequestAndVerify(findTestObject("PATCH/PATCH Update")): Send request and verify the response successfully

2023-05-31 21:22:33 - [MESSAGE][INFO] - HAR: C:\Users\donap\Katalon Studio\ReqresAPI_Latihan\Reports\20230531_212153\Latihan_APITesting\20230531_212153\requests\main\7.har

2023-05-31 21:22:33 - [TEST_CASE][PASSED] - Start Test Case : Verification: Verification accomplished successfully

2023-05-31 21:22:34 - [TEST_STEP][PASSED] - request = getInstance().getCurrentRequest(): null

2023-05-31 21:22:34 - [TEST_STEP][PASSED] - response = getInstance().getCurrentResponse(): null

2023-05-31 21:22:34 - [TEST_STEP][PASSED] - verifyResponseStatusCode(response, 200): Verify response status code successfully

2023-05-31 21:22:34 - [MESSAGE][PASSED] - Verify response status code successfully

2023-05-31 21:22:34 - [TEST_STEP][PASSED] - getStatusCode()).isEqualTo(200): null

2023-05-31 21:22:34 - [TEST_STEP][PASSED] - getStatusCode()).isIn(Arrays.asList(200, 201, 202)): null

2023-05-31 21:22:34 - [TEST_STEP][PASSED] - verifyElementPropertyValue(response, "name", "Corla"): Verify element property value successfully

2023-05-31 21:22:34 - [MESSAGE][PASSED] - Verify element property value successfully

2023-05-31 21:22:34 - [MESSAGE][PASSED] - Verify response successfully

2023-05-31 21:22:34 - [MESSAGE][PASSED] - All validation steps have been passed

2023-05-31 21:22:34 - [MESSAGE][PASSED] - Send request and verify the response successfully

2023-05-31 21:22:34 - [TEST_STEP][PASSED] - verifyResponseStatusCode(Response, 200): Verify response status code successfully

2023-05-31 21:22:34 - [MESSAGE][PASSED] - Verify response status code successfully

2023-05-31 21:22:34 - [TEST_STEP][PASSED] - verifyElementsCount(Response, "name", 5): Verify element count successfully

2023-05-31 21:22:35 - [MESSAGE][PASSED] - Verify element count successfully

2023-05-31 21:22:35 - [TEST_STEP][PASSED] - verifyElementPropertyValue(Response, "name", "Corla"): Verify element property value successfully

2023-05-31 21:22:35 - [MESSAGE][PASSED] - Verify element property value successfully]]></system-out>
         <system-err><![CDATA[]]></system-err>
      </testcase>
      <testcase name="Test Cases/TC05-Verify Response POST Create User" time="4.739" classname="Test Cases/TC05-Verify Response POST Create User" status="PASSED">
         <system-out><![CDATA[2023-05-31 21:22:35 - [TEST_CASE][PASSED] - Test Cases/TC05-Verify Response POST Create User: Test Cases/TC05-Verify Response POST Create User

2023-05-31 21:22:37 - [TEST_STEP][PASSED] - sendRequest(findTestObject("POST/POST Create")): Send request successfully

2023-05-31 21:22:38 - [MESSAGE][INFO] - HAR: C:\Users\donap\Katalon Studio\ReqresAPI_Latihan\Reports\20230531_212153\Latihan_APITesting\20230531_212153\requests\main\8.har

2023-05-31 21:22:38 - [MESSAGE][PASSED] - Send request successfully

2023-05-31 21:22:38 - [TEST_STEP][PASSED] - Response = sendRequestAndVerify(findTestObject("POST/POST Create")): Send request and verify the response successfully

2023-05-31 21:22:39 - [MESSAGE][INFO] - HAR: C:\Users\donap\Katalon Studio\ReqresAPI_Latihan\Reports\20230531_212153\Latihan_APITesting\20230531_212153\requests\main\9.har

2023-05-31 21:22:39 - [TEST_CASE][PASSED] - Start Test Case : Verification: Verification accomplished successfully

2023-05-31 21:22:39 - [TEST_STEP][PASSED] - request = getInstance().getCurrentRequest(): null

2023-05-31 21:22:39 - [TEST_STEP][PASSED] - response = getInstance().getCurrentResponse(): null

2023-05-31 21:22:39 - [TEST_STEP][PASSED] - verifyResponseStatusCode(response, 201): Verify response status code successfully

2023-05-31 21:22:39 - [MESSAGE][PASSED] - Verify response status code successfully

2023-05-31 21:22:39 - [TEST_STEP][PASSED] - getStatusCode()).isEqualTo(201): null

2023-05-31 21:22:40 - [TEST_STEP][PASSED] - getStatusCode()).isIn(Arrays.asList(200, 201, 202)): null

2023-05-31 21:22:40 - [MESSAGE][PASSED] - Verify response successfully

2023-05-31 21:22:40 - [MESSAGE][PASSED] - All validation steps have been passed

2023-05-31 21:22:40 - [MESSAGE][PASSED] - Send request and verify the response successfully

2023-05-31 21:22:40 - [TEST_STEP][PASSED] - verifyResponseStatusCode(Response, 201): Verify response status code successfully

2023-05-31 21:22:40 - [MESSAGE][PASSED] - Verify response status code successfully]]></system-out>
         <system-err><![CDATA[]]></system-err>
      </testcase>
      <testcase name="Test Cases/TC06-Verify Response POST Login Successful" time="15.875" classname="Test Cases/TC06-Verify Response POST Login Successful" status="PASSED">
         <system-out><![CDATA[2023-05-31 21:22:40 - [TEST_CASE][PASSED] - Test Cases/TC06-Verify Response POST Login Successful: Test Cases/TC06-Verify Response POST Login Successful

2023-05-31 21:22:41 - [TEST_STEP][PASSED] - sendRequest(findTestObject("POST/POST Login - Successful")): Send request successfully

2023-05-31 21:22:54 - [MESSAGE][INFO] - HAR: C:\Users\donap\Katalon Studio\ReqresAPI_Latihan\Reports\20230531_212153\Latihan_APITesting\20230531_212153\requests\main\10.har

2023-05-31 21:22:54 - [MESSAGE][PASSED] - Send request successfully

2023-05-31 21:22:54 - [TEST_STEP][PASSED] - Response = sendRequestAndVerify(findTestObject("POST/POST Login - Successful")): Send request and verify the response successfully

2023-05-31 21:22:55 - [MESSAGE][INFO] - HAR: C:\Users\donap\Katalon Studio\ReqresAPI_Latihan\Reports\20230531_212153\Latihan_APITesting\20230531_212153\requests\main\11.har

2023-05-31 21:22:55 - [TEST_CASE][PASSED] - Start Test Case : Verification: Verification accomplished successfully

2023-05-31 21:22:55 - [TEST_STEP][PASSED] - request = getInstance().getCurrentRequest(): null

2023-05-31 21:22:55 - [TEST_STEP][PASSED] - response = getInstance().getCurrentResponse(): null

2023-05-31 21:22:55 - [TEST_STEP][PASSED] - verifyResponseStatusCode(response, 200): Verify response status code successfully

2023-05-31 21:22:55 - [MESSAGE][PASSED] - Verify response status code successfully

2023-05-31 21:22:55 - [TEST_STEP][PASSED] - getStatusCode()).isEqualTo(200): null

2023-05-31 21:22:55 - [TEST_STEP][PASSED] - getStatusCode()).isIn(Arrays.asList(200, 201, 202)): null

2023-05-31 21:22:55 - [MESSAGE][PASSED] - Verify response successfully

2023-05-31 21:22:55 - [MESSAGE][PASSED] - All validation steps have been passed

2023-05-31 21:22:55 - [MESSAGE][PASSED] - Send request and verify the response successfully

2023-05-31 21:22:55 - [TEST_STEP][PASSED] - verifyResponseStatusCode(Response, 200): Verify response status code successfully

2023-05-31 21:22:55 - [MESSAGE][PASSED] - Verify response status code successfully]]></system-out>
         <system-err><![CDATA[]]></system-err>
      </testcase>
      <testcase name="Test Cases/TC07-Verify Response POST Login - Unsuccessful" time="3.477" classname="Test Cases/TC07-Verify Response POST Login - Unsuccessful" status="PASSED">
         <system-out><![CDATA[2023-05-31 21:22:55 - [TEST_CASE][PASSED] - Test Cases/TC07-Verify Response POST Login - Unsuccessful: Test Cases/TC07-Verify Response POST Login - Unsuccessful

2023-05-31 21:22:57 - [TEST_STEP][PASSED] - sendRequest(findTestObject("POST/POST Login - Unsuccessful")): Send request successfully

2023-05-31 21:22:58 - [MESSAGE][INFO] - HAR: C:\Users\donap\Katalon Studio\ReqresAPI_Latihan\Reports\20230531_212153\Latihan_APITesting\20230531_212153\requests\main\12.har

2023-05-31 21:22:58 - [MESSAGE][PASSED] - Send request successfully

2023-05-31 21:22:58 - [TEST_STEP][PASSED] - Response = sendRequestAndVerify(findTestObject("POST/POST Login - Unsuccessful")): Send request and verify the response successfully

2023-05-31 21:22:58 - [MESSAGE][INFO] - HAR: C:\Users\donap\Katalon Studio\ReqresAPI_Latihan\Reports\20230531_212153\Latihan_APITesting\20230531_212153\requests\main\13.har

2023-05-31 21:22:58 - [TEST_CASE][PASSED] - Start Test Case : Verification: Verification accomplished successfully

2023-05-31 21:22:59 - [TEST_STEP][PASSED] - request = getInstance().getCurrentRequest(): null

2023-05-31 21:22:59 - [TEST_STEP][PASSED] - response = getInstance().getCurrentResponse(): null

2023-05-31 21:22:59 - [TEST_STEP][PASSED] - verifyResponseStatusCode(response, 400): Verify response status code successfully

2023-05-31 21:22:59 - [MESSAGE][PASSED] - Verify response status code successfully

2023-05-31 21:22:59 - [TEST_STEP][PASSED] - getStatusCode()).isEqualTo(400): null

2023-05-31 21:22:59 - [MESSAGE][PASSED] - Verify response successfully

2023-05-31 21:22:59 - [MESSAGE][PASSED] - All validation steps have been passed

2023-05-31 21:22:59 - [MESSAGE][PASSED] - Send request and verify the response successfully

2023-05-31 21:22:59 - [TEST_STEP][PASSED] - verifyResponseStatusCode(Response, 400): Verify response status code successfully

2023-05-31 21:22:59 - [MESSAGE][PASSED] - Verify response status code successfully]]></system-out>
         <system-err><![CDATA[]]></system-err>
      </testcase>
      <testcase name="Test Cases/TC08-Verify Response POST Register - Successful" time="2.845" classname="Test Cases/TC08-Verify Response POST Register - Successful" status="PASSED">
         <system-out><![CDATA[2023-05-31 21:22:59 - [TEST_CASE][PASSED] - Test Cases/TC08-Verify Response POST Register - Successful: Test Cases/TC08-Verify Response POST Register - Successful

2023-05-31 21:23:00 - [TEST_STEP][PASSED] - sendRequest(findTestObject("POST/POST Register - Successful")): Send request successfully

2023-05-31 21:23:01 - [MESSAGE][INFO] - HAR: C:\Users\donap\Katalon Studio\ReqresAPI_Latihan\Reports\20230531_212153\Latihan_APITesting\20230531_212153\requests\main\14.har

2023-05-31 21:23:01 - [MESSAGE][PASSED] - Send request successfully

2023-05-31 21:23:01 - [TEST_STEP][PASSED] - Response = sendRequestAndVerify(findTestObject("POST/POST Register - Successful"), STOP_ON_FAILURE): Send request and verify the response successfully

2023-05-31 21:23:01 - [MESSAGE][INFO] - HAR: C:\Users\donap\Katalon Studio\ReqresAPI_Latihan\Reports\20230531_212153\Latihan_APITesting\20230531_212153\requests\main\15.har

2023-05-31 21:23:01 - [TEST_CASE][PASSED] - Start Test Case : Verification: Verification accomplished successfully

2023-05-31 21:23:02 - [TEST_STEP][PASSED] - request = getInstance().getCurrentRequest(): null

2023-05-31 21:23:02 - [TEST_STEP][PASSED] - response = getInstance().getCurrentResponse(): null

2023-05-31 21:23:02 - [TEST_STEP][PASSED] - verifyResponseStatusCode(response, 200): Verify response status code successfully

2023-05-31 21:23:02 - [MESSAGE][PASSED] - Verify response status code successfully

2023-05-31 21:23:02 - [TEST_STEP][PASSED] - getStatusCode()).isEqualTo(200): null

2023-05-31 21:23:02 - [TEST_STEP][PASSED] - getStatusCode()).isIn(Arrays.asList(200, 201, 202)): null

2023-05-31 21:23:02 - [MESSAGE][PASSED] - Verify response successfully

2023-05-31 21:23:02 - [MESSAGE][PASSED] - All validation steps have been passed

2023-05-31 21:23:02 - [MESSAGE][PASSED] - Send request and verify the response successfully

2023-05-31 21:23:02 - [TEST_STEP][PASSED] - verifyResponseStatusCode(Response, 200): Verify response status code successfully

2023-05-31 21:23:02 - [MESSAGE][PASSED] - Verify response status code successfully]]></system-out>
         <system-err><![CDATA[]]></system-err>
      </testcase>
      <testcase name="Test Cases/TC09-Verify Response POST Register - Unsuccessful" time="3.592" classname="Test Cases/TC09-Verify Response POST Register - Unsuccessful" status="PASSED">
         <system-out><![CDATA[2023-05-31 21:23:02 - [TEST_CASE][PASSED] - Test Cases/TC09-Verify Response POST Register - Unsuccessful: Test Cases/TC09-Verify Response POST Register - Unsuccessful

2023-05-31 21:23:03 - [TEST_STEP][PASSED] - sendRequest(findTestObject("POST/POST Register - Unsuccessful")): Send request successfully

2023-05-31 21:23:03 - [MESSAGE][INFO] - HAR: C:\Users\donap\Katalon Studio\ReqresAPI_Latihan\Reports\20230531_212153\Latihan_APITesting\20230531_212153\requests\main\16.har

2023-05-31 21:23:03 - [MESSAGE][PASSED] - Send request successfully

2023-05-31 21:23:03 - [TEST_STEP][PASSED] - Response = sendRequestAndVerify(findTestObject("POST/POST Register - Unsuccessful")): Send request and verify the response successfully

2023-05-31 21:23:05 - [MESSAGE][INFO] - HAR: C:\Users\donap\Katalon Studio\ReqresAPI_Latihan\Reports\20230531_212153\Latihan_APITesting\20230531_212153\requests\main\17.har

2023-05-31 21:23:05 - [TEST_CASE][PASSED] - Start Test Case : Verification: Verification accomplished successfully

2023-05-31 21:23:05 - [TEST_STEP][PASSED] - request = getInstance().getCurrentRequest(): null

2023-05-31 21:23:05 - [TEST_STEP][PASSED] - response = getInstance().getCurrentResponse(): null

2023-05-31 21:23:05 - [TEST_STEP][PASSED] - verifyResponseStatusCode(response, 400): Verify response status code successfully

2023-05-31 21:23:05 - [MESSAGE][PASSED] - Verify response status code successfully

2023-05-31 21:23:05 - [TEST_STEP][PASSED] - getStatusCode()).isEqualTo(400): null

2023-05-31 21:23:05 - [MESSAGE][PASSED] - Verify response successfully

2023-05-31 21:23:05 - [MESSAGE][PASSED] - All validation steps have been passed

2023-05-31 21:23:05 - [MESSAGE][PASSED] - Send request and verify the response successfully

2023-05-31 21:23:05 - [TEST_STEP][PASSED] - verifyResponseStatusCode(Response, 400): Verify response status code successfully

2023-05-31 21:23:05 - [MESSAGE][PASSED] - Verify response status code successfully]]></system-out>
         <system-err><![CDATA[]]></system-err>
      </testcase>
      <testcase name="Test Cases/TC10- Verify Response PUT Update" time="5.559" classname="Test Cases/TC10- Verify Response PUT Update" status="PASSED">
         <system-out><![CDATA[2023-05-31 21:23:05 - [TEST_CASE][PASSED] - Test Cases/TC10- Verify Response PUT Update: Test Cases/TC10- Verify Response PUT Update

2023-05-31 21:23:08 - [TEST_STEP][PASSED] - sendRequest(findTestObject("PUT/PUT Update")): Send request successfully

2023-05-31 21:23:10 - [MESSAGE][INFO] - HAR: C:\Users\donap\Katalon Studio\ReqresAPI_Latihan\Reports\20230531_212153\Latihan_APITesting\20230531_212153\requests\main\18.har

2023-05-31 21:23:10 - [MESSAGE][PASSED] - Send request successfully

2023-05-31 21:23:10 - [TEST_STEP][PASSED] - Response = sendRequestAndVerify(findTestObject("PUT/PUT Update")): Send request and verify the response successfully

2023-05-31 21:23:10 - [MESSAGE][INFO] - HAR: C:\Users\donap\Katalon Studio\ReqresAPI_Latihan\Reports\20230531_212153\Latihan_APITesting\20230531_212153\requests\main\19.har

2023-05-31 21:23:10 - [TEST_CASE][PASSED] - Start Test Case : Verification: Verification accomplished successfully

2023-05-31 21:23:11 - [TEST_STEP][PASSED] - request = getInstance().getCurrentRequest(): null

2023-05-31 21:23:11 - [TEST_STEP][PASSED] - response = getInstance().getCurrentResponse(): null

2023-05-31 21:23:11 - [TEST_STEP][PASSED] - verifyResponseStatusCode(response, 200): Verify response status code successfully

2023-05-31 21:23:11 - [MESSAGE][PASSED] - Verify response status code successfully

2023-05-31 21:23:11 - [TEST_STEP][PASSED] - getStatusCode()).isEqualTo(200): null

2023-05-31 21:23:11 - [TEST_STEP][PASSED] - getStatusCode()).isIn(Arrays.asList(200, 201, 202)): null

2023-05-31 21:23:11 - [MESSAGE][PASSED] - Verify response successfully

2023-05-31 21:23:11 - [MESSAGE][PASSED] - All validation steps have been passed

2023-05-31 21:23:11 - [MESSAGE][PASSED] - Send request and verify the response successfully

2023-05-31 21:23:11 - [TEST_STEP][PASSED] - verifyResponseStatusCode(Response, 200): Verify response status code successfully

2023-05-31 21:23:11 - [MESSAGE][PASSED] - Verify response status code successfully]]></system-out>
         <system-err><![CDATA[]]></system-err>
      </testcase>
      <system-out><![CDATA[2023-05-31 21:22:08 - [TEST_SUITE][PASSED] - Latihan_APITesting: Test Cases/TC10- Verify Response PUT Update]]></system-out>
      <system-err><![CDATA[]]></system-err>
   </testsuite>
</testsuites>
